<?xml version="1.0" encoding="UTF-8"?>
<!-- Generated by org.testng.reporters.JUnitXMLReporter -->
<testsuite hostname="DESKTOP-3NQPI56" name="Add product from festure collection" tests="4" failures="0" timestamp="27 Apr 2020 19:08:59 GMT" time="15.147" errors="0">
  <testcase name="TestStep01_UserSubmitLoginDetails" time="4.559" classname="com.myshopify.tests.TC003_AddProductFromFeatureCollection"/>
  <testcase name="TestStep02_UserNavigateToFeatureCollection" time="2.736" classname="com.myshopify.tests.TC003_AddProductFromFeatureCollection"/>
  <testcase name="TestStep03_UserAddedTheProduct" time="2.081" classname="com.myshopify.tests.TC003_AddProductFromFeatureCollection"/>
  <testcase name="TestStep04_VerifyProductIsAddedIntoCart" time="0.152" classname="com.myshopify.tests.TC003_AddProductFromFeatureCollection"/>
</testsuite> <!-- Add product from festure collection -->
