<?xml version="1.0" encoding="UTF-8"?>
<!-- Generated by org.testng.reporters.JUnitXMLReporter -->
<testsuite hostname="DESKTOP-3NQPI56" name="Search and add product to cart" tests="4" failures="0" timestamp="28 Apr 2020 03:32:57 GMT" time="22.265" errors="0">
  <testcase name="TestStep01_UserSubmitLoginDetails" time="5.193" classname="com.myshopify.tests.TC001_SearchAndAddProductOnCart"/>
  <testcase name="TestStep02_UserSearchTheProduct" time="5.174" classname="com.myshopify.tests.TC001_SearchAndAddProductOnCart"/>
  <testcase name="TestStep03_UserAddedTheProduct" time="2.104" classname="com.myshopify.tests.TC001_SearchAndAddProductOnCart"/>
  <testcase name="TestStep04_VerifyProductIsAddedIntoCart" time="0.097" classname="com.myshopify.tests.TC001_SearchAndAddProductOnCart"/>
</testsuite> <!-- Search and add product to cart -->
