<?xml version="1.0" encoding="UTF-8"?>
<testng-results skipped="0" failed="0" total="4" passed="4">
  <reporter-output>
    <line>
      <![CDATA[chrome]]>
    </line>
    <line>
      <![CDATA[The application url is :- https://ecom-optimus.myshopify.com/]]>
    </line>
    <line>
      <![CDATA[The test browser is :- chrome]]>
    </line>
    <line>
      <![CDATA[User enters the button: password]]>
    </line>
    <line>
      <![CDATA[User enters the idgad]]>
    </line>
    <line>
      <![CDATA[User is successfully login into the application]]>
    </line>
    <line>
      <![CDATA[User enters the button: search]]>
    </line>
    <line>
      <![CDATA[User enters the RoundNeck Shirt]]>
    </line>
    <line>
      <![CDATA[User enters the button: search icon]]>
    </line>
    <line>
      <![CDATA[User select the product number from list: 1]]>
    </line>
    <line>
      <![CDATA[User is able to search and select the product]]>
    </line>
    <line>
      <![CDATA[User enters the button: add to cart]]>
    </line>
    <line>
      <![CDATA[User enters the button: view cart]]>
    </line>
    <line>
      <![CDATA[User is successfully Added product to cart]]>
    </line>
    <line>
      <![CDATA[Product has been added successfuly ie.: RoundNeck Shirt]]>
    </line>
    <line>
      <![CDATA[Verified product has been added to cart]]>
    </line>
  </reporter-output>
  <suite name="Default suite" duration-ms="17436" started-at="2020-04-27T18:43:08Z" finished-at="2020-04-27T18:43:25Z">
    <groups>
    </groups>
    <test name="Default test" duration-ms="17436" started-at="2020-04-27T18:43:08Z" finished-at="2020-04-27T18:43:25Z">
      <class name="com.myshopify.tests.TC001_SaerchAndAddProductOnCart">
        <test-method status="PASS" signature="beforeMethod()[pri:0, instance:com.myshopify.tests.TC001_SaerchAndAddProductOnCart@d8355a8]" name="beforeMethod" is-config="true" duration-ms="7148" started-at="2020-04-28T00:13:08Z" finished-at="2020-04-28T00:13:15Z">
          <reporter-output>
            <line>
              <![CDATA[chrome]]>
            </line>
            <line>
              <![CDATA[The application url is :- https://ecom-optimus.myshopify.com/]]>
            </line>
            <line>
              <![CDATA[The test browser is :- chrome]]>
            </line>
          </reporter-output>
        </test-method> <!-- beforeMethod -->
        <test-method status="PASS" signature="init()[pri:0, instance:com.myshopify.tests.TC001_SaerchAndAddProductOnCart@d8355a8]" name="init" is-config="true" duration-ms="0" started-at="2020-04-28T00:13:15Z" finished-at="2020-04-28T00:13:15Z">
          <reporter-output>
          </reporter-output>
        </test-method> <!-- init -->
        <test-method status="PASS" signature="TestStep01_UserSubmitLoginDetails()[pri:0, instance:com.myshopify.tests.TC001_SaerchAndAddProductOnCart@d8355a8]" name="TestStep01_UserSubmitLoginDetails" duration-ms="4442" started-at="2020-04-28T00:13:15Z" finished-at="2020-04-28T00:13:19Z">
          <reporter-output>
            <line>
              <![CDATA[User enters the button: password]]>
            </line>
            <line>
              <![CDATA[User enters the idgad]]>
            </line>
            <line>
              <![CDATA[User is successfully login into the application]]>
            </line>
          </reporter-output>
        </test-method> <!-- TestStep01_UserSubmitLoginDetails -->
        <test-method status="PASS" signature="TestStep02_UserSearchTheProduct()[pri:0, instance:com.myshopify.tests.TC001_SaerchAndAddProductOnCart@d8355a8]" name="TestStep02_UserSearchTheProduct" duration-ms="3320" started-at="2020-04-28T00:13:19Z" finished-at="2020-04-28T00:13:23Z">
          <reporter-output>
            <line>
              <![CDATA[User enters the button: search]]>
            </line>
            <line>
              <![CDATA[User enters the RoundNeck Shirt]]>
            </line>
            <line>
              <![CDATA[User enters the button: search icon]]>
            </line>
            <line>
              <![CDATA[User select the product number from list: 1]]>
            </line>
            <line>
              <![CDATA[User is able to search and select the product]]>
            </line>
          </reporter-output>
        </test-method> <!-- TestStep02_UserSearchTheProduct -->
        <test-method status="PASS" signature="TestStep03_UserAddedTheProduct()[pri:0, instance:com.myshopify.tests.TC001_SaerchAndAddProductOnCart@d8355a8]" name="TestStep03_UserAddedTheProduct" duration-ms="2344" started-at="2020-04-28T00:13:23Z" finished-at="2020-04-28T00:13:25Z">
          <reporter-output>
            <line>
              <![CDATA[User enters the button: add to cart]]>
            </line>
            <line>
              <![CDATA[User enters the button: view cart]]>
            </line>
            <line>
              <![CDATA[User is successfully Added product to cart]]>
            </line>
          </reporter-output>
        </test-method> <!-- TestStep03_UserAddedTheProduct -->
        <test-method status="PASS" signature="TestStep04_VerifyProductIsAddedIntoCart()[pri:0, instance:com.myshopify.tests.TC001_SaerchAndAddProductOnCart@d8355a8]" name="TestStep04_VerifyProductIsAddedIntoCart" duration-ms="153" started-at="2020-04-28T00:13:25Z" finished-at="2020-04-28T00:13:25Z">
          <reporter-output>
            <line>
              <![CDATA[Product has been added successfuly ie.: RoundNeck Shirt]]>
            </line>
            <line>
              <![CDATA[Verified product has been added to cart]]>
            </line>
          </reporter-output>
        </test-method> <!-- TestStep04_VerifyProductIsAddedIntoCart -->
        <test-method status="PASS" signature="close_Test_Session()[pri:0, instance:com.myshopify.tests.TC001_SaerchAndAddProductOnCart@d8355a8]" name="close_Test_Session" is-config="true" duration-ms="0" started-at="2020-04-28T00:13:25Z" finished-at="2020-04-28T00:13:25Z">
          <reporter-output>
          </reporter-output>
        </test-method> <!-- close_Test_Session -->
      </class> <!-- com.myshopify.tests.TC001_SaerchAndAddProductOnCart -->
    </test> <!-- Default test -->
  </suite> <!-- Default suite -->
</testng-results>
